<?xml version="1.0" encoding="UTF-8"?>
<!-- Generated by org.testng.reporters.JUnitReportReporter -->
<testsuite hostname="DESKTOP-15GLH6P" failures="0" tests="4" name="MyTest.UserTest" time="10.499" errors="0" timestamp="2023-11-18T20:29:20 IST" skipped="0">
  <testcase classname="MyTest.UserTest" name="TestpostUser" time="4.851"/>
  <system-out/>
  <testcase classname="MyTest.UserTest" name="TestGetUserByName" time="1.378"/>
  <system-out/>
  <testcase classname="MyTest.UserTest" name="TestUpdateUserByName" time="2.844"/>
  <system-out/>
  <testcase classname="MyTest.UserTest" name="TestDeleteUserByName" time="1.426"/>
  <system-out/>
</testsuite> <!-- MyTest.UserTest -->
