<?xml version="1.0" encoding="UTF-8"?>
<!-- Generated by org.testng.reporters.JUnitReportReporter -->
<testsuite hostname="DESKTOP-15GLH6P" failures="0" tests="4" name="MyTest.UserTest" time="13.430" errors="0" timestamp="2023-11-18T20:37:02 IST" skipped="0">
  <testcase classname="MyTest.UserTest" name="TestpostUser" time="4.874"/>
  <system-out/>
  <testcase classname="MyTest.UserTest" name="TestGetUserByName" time="2.093"/>
  <system-out/>
  <testcase classname="MyTest.UserTest" name="TestUpdateUserByName" time="4.720"/>
  <system-out/>
  <testcase classname="MyTest.UserTest" name="TestDeleteUserByName" time="1.743"/>
  <system-out/>
</testsuite> <!-- MyTest.UserTest -->
